[
    "GameCreator AssetViewer（www.gamecreator.com.cn）2024-6-12 21:29:32:",
    "pictures:57 Picture Memory:310.88MB APP Memory:377.70MB",
    "【6】asset/image/picture/characters/character_2/1_1.png (25.55MB)（1948x3438）",
    "【6】asset/image/picture/characters/character_2/1_2.png (25.55MB)（1948x3438）",
    "【6】asset/image/picture/characters/character_2/1_3.png (25.55MB)（1948x3438）",
    "【6】asset/image/picture/characters/character_2/1_4.png (25.55MB)（1948x3438）",
    "【6】asset/image/picture/characters/character_2/1_5.png (25.55MB)（1948x3438）",
    "【4】asset/image/picture/characters/character_1/1_1.png (20.52MB)（1561x3446）",
    "【4】asset/image/picture/characters/character_1/1_4.png (20.52MB)（1561x3446）",
    "【4】asset/image/picture/characters/character_1/1_3.png (20.52MB)（1561x3446）",
    "【4】asset/image/picture/characters/character_1/1_5.png (20.52MB)（1561x3446）",
    "【4】asset/image/picture/characters/character_1/1_2.png (20.52MB)（1561x3446）",
    "【10】asset/image/picture/ui/menu/settingBg1.png (13.18MB)（2400x1440）",
    "【10】asset/image/picture/ui/menu/settingBg2.png (13.18MB)（2400x1440）",
    "【10】asset/image/picture/ui/menu/settingBg4.png (10.21MB)（1859x1440）",
    "【4】asset/image/picture/titles/Title_2.png (7.91MB)（1920x1080）",
    "【4】asset/image/picture/titles/Title_1.png (7.91MB)（1920x1080）",
    "【10】asset/image/picture/ui/menu/settingBg6.png (4.96MB)（914x1422）",
    "【12】asset/image/picture/ui/dialog/dialogBg.png (4.32MB)（2400x472）",
    "【28】asset/image/picture/control/uibitmap.png (3.30MB)（1200x720）",
    "【2】asset/image/picture/control/uicomboboxbg.png (3.30MB)（1200x720）",
    "【2】asset/image/picture/control/uilistover2.png (2.21MB)（940x616）",
    "【4】asset/image/picture/ui/menu/settingBg7.png (2.20MB)（1175x490）",
    "【10】asset/image/picture/control/uilistover.png (2.20MB)（1175x490）",
    "【10】asset/image/picture/ui/menu/settingBg3.png (1.75MB)（455x1011）",
    "【58】asset/image/picture/control/uilistselect.png (821.39KB)（647x325）",
    "【102】asset/image/picture/control/hscroll_bar.png (591.30KB)（1066x142）",
    "【10】asset/image/picture/ui/menu/settingBg5.png (422.77KB)（622x174）",
    "【8】asset/image/picture/ui/title/element_1.png (321.81KB)（271x304）",
    "【102】asset/image/picture/control/vscroll_bar.png (285.19KB)（48x1521）",
    "【51】asset/image/picture/control/tab_unselected.png (187.77KB)（394x122）",
    "【57】asset/image/picture/control/tab_selected.png (187.77KB)（394x122）",
    "【102】asset/image/picture/control/hscroll_bg.png (183.22KB)（1066x44）",
    "【94】asset/image/picture/control/vscroll_bg.png (183.22KB)（44x1066）",
    "【8】asset/image/picture/ui/title/element_2.png (152.34KB)（375x104）",
    "【90】asset/image/picture/control/btn_normal.png (96.25KB)（280x88）",
    "【94】asset/image/picture/control/btn_over.png (96.25KB)（280x88）",
    "【86】asset/image/picture/control/btn_click.png (96.25KB)（280x88）",
    "【8】asset/image/picture/control/uicombobox.png (75.88KB)（175x111）",
    "【2】asset/image/picture/control/slider_bg2.png (44.53KB)（950x12）",
    "【22】asset/image/picture/ui/title/element_4.png (42.19KB)（180x60）",
    "【24】asset/image/picture/ui/title/element_3.png (42.19KB)（180x60）",
    "【10】asset/image/picture/ui/menu/close.png (37.90KB)（98x99）",
    "【2】asset/image/picture/control/slider_bgfill2.png (28.16KB)（901x8）",
    "【1】asset/image/picture/ui/menu/playBack.png (21.97KB)（75x75）",
    "【1】asset/image/picture/ui/menu/suspension.png (21.97KB)（75x75）",
    "【17】asset/image/picture/control/slider_bg.png (19.69KB)（420x12）",
    "【17】asset/image/picture/control/slider_bgfill.png (19.69KB)（420x12）",
    "【10】asset/image/picture/control/check_unselected.png (5.35KB)（37x37）",
    "【6】asset/image/picture/control/check_selected.png (5.35KB)（37x37）",
    "【19】asset/image/picture/control/slider_block.png (3.75KB)（31x31）",
    "【6】asset/image/picture/ui/title/element_5.png (3.06KB)（28x28）",
    "【2】asset/image/picture/ui/menu/back.png (2.93KB)（25x30）",
    "【1】asset/image/picture/ui/menu/back_2.png (2.93KB)（25x30）",
    "【2】asset/image/picture/ui/menu/forward.png (2.93KB)（25x30）",
    "【1】asset/image/picture/ui/menu/forward_2.png (2.93KB)（25x30）",
    "【3】asset/image/picture/ui/menu/deleteSelect.png (784Byte)（14x14）",
    "【2】asset/image/picture/ui/menu/line2.png (512Byte)（128x1）",
    "【8】asset/image/picture/other/Black.png (400Byte)（10x10）",
    ""
]